Added Component: Designator=BUZZER(BUZZER)
Added Component: Designator=C1(0402)
Add component (AddParameter): Name = "Value"; Value = "100n"; VariantName = "[No Variations]"
Added Component: Designator=C2(0402)
Add component (AddParameter): Name = "Value"; Value = "100n"; VariantName = "[No Variations]"
Added Component: Designator=C3(0402)
Add component (AddParameter): Name = "Value"; Value = "100n"; VariantName = "[No Variations]"
Added Component: Designator=C4(0402)
Add component (AddParameter): Name = "Value"; Value = "100n"; VariantName = "[No Variations]"
Added Component: Designator=C5(0402)
Add component (AddParameter): Name = "Value"; Value = "100n"; VariantName = "[No Variations]"
Added Component: Designator=C6(0402)
Add component (AddParameter): Name = "Value"; Value = "100n"; VariantName = "[No Variations]"
Added Component: Designator=C7(0402)
Add component (AddParameter): Name = "Value"; Value = "100n"; VariantName = "[No Variations]"
Added Component: Designator=PICKIT4(PIC-ICSP)
Added Component: Designator=R1(0201)
Add component (AddParameter): Name = "Value"; Value = "2.2K"; VariantName = "[No Variations]"
Added Component: Designator=R2(0201)
Add component (AddParameter): Name = "Value"; Value = "2.2K"; VariantName = "[No Variations]"
Added Component: Designator=R3(0201)
Add component (AddParameter): Name = "Value"; Value = "2.2K"; VariantName = "[No Variations]"
Added Component: Designator=R4(0201)
Add component (AddParameter): Name = "Value"; Value = "10K"; VariantName = "[No Variations]"
Added Component: Designator=R5(0201)
Add component (AddParameter): Name = "Value"; Value = "2.2K"; VariantName = "[No Variations]"
Added Component: Designator=R6(0201)
Add component (AddParameter): Name = "Value"; Value = "2.2K"; VariantName = "[No Variations]"
Added Component: Designator=R7(0201)
Add component (AddParameter): Name = "Value"; Value = "3.3K"; VariantName = "[No Variations]"
Added Component: Designator=R8(0201)
Add component (AddParameter): Name = "Value"; Value = "3.3K"; VariantName = "[No Variations]"
Added Component: Designator=R9(0201)
Add component (AddParameter): Name = "Value"; Value = "3.3K"; VariantName = "[No Variations]"
Added Component: Designator=R10(0201)
Add component (AddParameter): Name = "Value"; Value = "3.3K"; VariantName = "[No Variations]"
Added Component: Designator=R11(0201)
Add component (AddParameter): Name = "Value"; Value = "3.3K"; VariantName = "[No Variations]"
Added Component: Designator=R12(0201)
Add component (AddParameter): Name = "Value"; Value = "470"; VariantName = "[No Variations]"
Added Component: Designator=R13(0201)
Add component (AddParameter): Name = "Value"; Value = "4.7K"; VariantName = "[No Variations]"
Added Component: Designator=R14(0201)
Add component (AddParameter): Name = "Value"; Value = "470"; VariantName = "[No Variations]"
Added Component: Designator=R15(0201)
Add component (AddParameter): Name = "Value"; Value = "4.7K"; VariantName = "[No Variations]"
Added Component: Designator=R16(0201)
Add component (AddParameter): Name = "Value"; Value = "470"; VariantName = "[No Variations]"
Added Component: Designator=R17(0201)
Add component (AddParameter): Name = "Value"; Value = "4.7K"; VariantName = "[No Variations]"
Added Component: Designator=R18(0201)
Add component (AddParameter): Name = "Value"; Value = "470"; VariantName = "[No Variations]"
Added Component: Designator=R19(0201)
Add component (AddParameter): Name = "Value"; Value = "4.7K"; VariantName = "[No Variations]"
Added Component: Designator=R20(0201)
Add component (AddParameter): Name = "Value"; Value = "470"; VariantName = "[No Variations]"
Added Component: Designator=R21(0201)
Add component (AddParameter): Name = "Value"; Value = "4.7K"; VariantName = "[No Variations]"
Added Component: Designator=R22(0201)
Add component (AddParameter): Name = "Value"; Value = "470"; VariantName = "[No Variations]"
Added Component: Designator=R23(0201)
Add component (AddParameter): Name = "Value"; Value = "4.7K"; VariantName = "[No Variations]"
Added Component: Designator=SCREEN(ADAFRUIT_2478)
Add component (AddParameter): Name = "Availability"; Value = "In Stock"; VariantName = "[No Variations]"
Add component (AddParameter): Name = "Check_prices"; Value = "https://www.snapeda.com/parts/2478/Adafruit+Industries+LLC/view-part/?ref=eda"; VariantName = "[No Variations]"
Add component (AddParameter): Name = "MF"; Value = "Adafruit Industries"; VariantName = "[No Variations]"
Add component (AddParameter): Name = "MP"; Value = "2478"; VariantName = "[No Variations]"
Add component (AddParameter): Name = "Package"; Value = "NON STANDARD Adafruit"; VariantName = "[No Variations]"
Add component (AddParameter): Name = "Price"; Value = "None"; VariantName = "[No Variations]"
Add component (AddParameter): Name = "SnapEDA_Link"; Value = "https://www.snapeda.com/parts/2478/Adafruit+Industries+LLC/view-part/?ref=snap"; VariantName = "[No Variations]"
Add component (AddParameter): Name = "Value"; Value = ""; VariantName = "[No Variations]"
Added Component: Designator=SW1(SW_1825910-6-4)
Add component (AddParameter): Name = "Check_prices"; Value = "https://www.snapeda.com/parts/1825910-6/TE+Connectivity+ALCOSWITCH+Switches/view-part/?ref=eda"; VariantName = "[No Variations]"
Add component (AddParameter): Name = "Digi-Key_Part_Number"; Value = "450-1650-ND"; VariantName = "[No Variations]"
Add component (AddParameter): Name = "MF"; Value = "TE Connectivity"; VariantName = "[No Variations]"
Add component (AddParameter): Name = "MP"; Value = "1825910-6"; VariantName = "[No Variations]"
Add component (AddParameter): Name = "Package"; Value = "None"; VariantName = "[No Variations]"
Add component (AddParameter): Name = "Purchase-URL"; Value = "https://pricing.snapeda.com/search/part/1825910-6/?ref=eda"; VariantName = "[No Variations]"
Add component (AddParameter): Name = "SnapEDA_Link"; Value = "https://www.snapeda.com/parts/1825910-6/TE+Connectivity+ALCOSWITCH+Switches/view-part/?ref=snap"; VariantName = "[No Variations]"
Add component (AddParameter): Name = "Value"; Value = ""; VariantName = "[No Variations]"
Added Component: Designator=SW2(SW_1825910-6-4)
Add component (AddParameter): Name = "Check_prices"; Value = "https://www.snapeda.com/parts/1825910-6/TE+Connectivity+ALCOSWITCH+Switches/view-part/?ref=eda"; VariantName = "[No Variations]"
Add component (AddParameter): Name = "Digi-Key_Part_Number"; Value = "450-1650-ND"; VariantName = "[No Variations]"
Add component (AddParameter): Name = "MF"; Value = "TE Connectivity"; VariantName = "[No Variations]"
Add component (AddParameter): Name = "MP"; Value = "1825910-6"; VariantName = "[No Variations]"
Add component (AddParameter): Name = "Package"; Value = "None"; VariantName = "[No Variations]"
Add component (AddParameter): Name = "Purchase-URL"; Value = "https://pricing.snapeda.com/search/part/1825910-6/?ref=eda"; VariantName = "[No Variations]"
Add component (AddParameter): Name = "SnapEDA_Link"; Value = "https://www.snapeda.com/parts/1825910-6/TE+Connectivity+ALCOSWITCH+Switches/view-part/?ref=snap"; VariantName = "[No Variations]"
Add component (AddParameter): Name = "Value"; Value = ""; VariantName = "[No Variations]"
Added Component: Designator=SW3(SW_1825910-6-4)
Add component (AddParameter): Name = "Check_prices"; Value = "https://www.snapeda.com/parts/1825910-6/TE+Connectivity+ALCOSWITCH+Switches/view-part/?ref=eda"; VariantName = "[No Variations]"
Add component (AddParameter): Name = "Digi-Key_Part_Number"; Value = "450-1650-ND"; VariantName = "[No Variations]"
Add component (AddParameter): Name = "MF"; Value = "TE Connectivity"; VariantName = "[No Variations]"
Add component (AddParameter): Name = "MP"; Value = "1825910-6"; VariantName = "[No Variations]"
Add component (AddParameter): Name = "Package"; Value = "None"; VariantName = "[No Variations]"
Add component (AddParameter): Name = "Purchase-URL"; Value = "https://pricing.snapeda.com/search/part/1825910-6/?ref=eda"; VariantName = "[No Variations]"
Add component (AddParameter): Name = "SnapEDA_Link"; Value = "https://www.snapeda.com/parts/1825910-6/TE+Connectivity+ALCOSWITCH+Switches/view-part/?ref=snap"; VariantName = "[No Variations]"
Add component (AddParameter): Name = "Value"; Value = ""; VariantName = "[No Variations]"
Added Component: Designator=SW4(SW_1825910-6-4)
Add component (AddParameter): Name = "Check_prices"; Value = "https://www.snapeda.com/parts/1825910-6/TE+Connectivity+ALCOSWITCH+Switches/view-part/?ref=eda"; VariantName = "[No Variations]"
Add component (AddParameter): Name = "Digi-Key_Part_Number"; Value = "450-1650-ND"; VariantName = "[No Variations]"
Add component (AddParameter): Name = "MF"; Value = "TE Connectivity"; VariantName = "[No Variations]"
Add component (AddParameter): Name = "MP"; Value = "1825910-6"; VariantName = "[No Variations]"
Add component (AddParameter): Name = "Package"; Value = "None"; VariantName = "[No Variations]"
Add component (AddParameter): Name = "Purchase-URL"; Value = "https://pricing.snapeda.com/search/part/1825910-6/?ref=eda"; VariantName = "[No Variations]"
Add component (AddParameter): Name = "SnapEDA_Link"; Value = "https://www.snapeda.com/parts/1825910-6/TE+Connectivity+ALCOSWITCH+Switches/view-part/?ref=snap"; VariantName = "[No Variations]"
Add component (AddParameter): Name = "Value"; Value = ""; VariantName = "[No Variations]"
Added Component: Designator=SW5(SW_1825910-6-4)
Add component (AddParameter): Name = "Check_prices"; Value = "https://www.snapeda.com/parts/1825910-6/TE+Connectivity+ALCOSWITCH+Switches/view-part/?ref=eda"; VariantName = "[No Variations]"
Add component (AddParameter): Name = "Digi-Key_Part_Number"; Value = "450-1650-ND"; VariantName = "[No Variations]"
Add component (AddParameter): Name = "MF"; Value = "TE Connectivity"; VariantName = "[No Variations]"
Add component (AddParameter): Name = "MP"; Value = "1825910-6"; VariantName = "[No Variations]"
Add component (AddParameter): Name = "Package"; Value = "None"; VariantName = "[No Variations]"
Add component (AddParameter): Name = "Purchase-URL"; Value = "https://pricing.snapeda.com/search/part/1825910-6/?ref=eda"; VariantName = "[No Variations]"
Add component (AddParameter): Name = "SnapEDA_Link"; Value = "https://www.snapeda.com/parts/1825910-6/TE+Connectivity+ALCOSWITCH+Switches/view-part/?ref=snap"; VariantName = "[No Variations]"
Add component (AddParameter): Name = "Value"; Value = ""; VariantName = "[No Variations]"
Added Component: Designator=SW6(SW_1825910-6-4)
Add component (AddParameter): Name = "Check_prices"; Value = "https://www.snapeda.com/parts/1825910-6/TE+Connectivity+ALCOSWITCH+Switches/view-part/?ref=eda"; VariantName = "[No Variations]"
Add component (AddParameter): Name = "Digi-Key_Part_Number"; Value = "450-1650-ND"; VariantName = "[No Variations]"
Add component (AddParameter): Name = "MF"; Value = "TE Connectivity"; VariantName = "[No Variations]"
Add component (AddParameter): Name = "MP"; Value = "1825910-6"; VariantName = "[No Variations]"
Add component (AddParameter): Name = "Package"; Value = "None"; VariantName = "[No Variations]"
Add component (AddParameter): Name = "Purchase-URL"; Value = "https://pricing.snapeda.com/search/part/1825910-6/?ref=eda"; VariantName = "[No Variations]"
Add component (AddParameter): Name = "SnapEDA_Link"; Value = "https://www.snapeda.com/parts/1825910-6/TE+Connectivity+ALCOSWITCH+Switches/view-part/?ref=snap"; VariantName = "[No Variations]"
Add component (AddParameter): Name = "Value"; Value = ""; VariantName = "[No Variations]"
Added Component: Designator=uC(MCHP-PDIP-P40)
Add component (AddParameter): Name = "# of A/D Channels"; Value = "28"; VariantName = "[No Variations]"
Add component (AddParameter): Name = "ComponentLink1Description"; Value = "Datasheet"; VariantName = "[No Variations]"
Add component (AddParameter): Name = "ComponentLink1URL"; Value = "http://ww1.microchip.com/downloads/en/DeviceDoc/41412F.pdf"; VariantName = "[No Variations]"
Add component (AddParameter): Name = "ComponentLink2Description"; Value = "Package Specification"; VariantName = "[No Variations]"
Add component (AddParameter): Name = "ComponentLink2URL"; Value = "http://www.microchip.com/stellent/groups/techpub_sg/documents/packagingspec/en012702.pdf"; VariantName = "[No Variations]"
Add component (AddParameter): Name = "ComponentLink3Description"; Value = "URL Link1"; VariantName = "[No Variations]"
Add component (AddParameter): Name = "ComponentLink3URL"; Value = "Product URL:http://www.microchip.com/datasheet/PIC18F46K22"; VariantName = "[No Variations]"
Add component (AddParameter): Name = "DatasheetVersion"; Value = "Rev. F"; VariantName = "[No Variations]"
Add component (AddParameter): Name = "Digital Communication"; Value = "2 -A/E/USART, 2 -MSSP(SPI/I2C)"; VariantName = "[No Variations]"
Add component (AddParameter): Name = "EEPROM Data Memory (bytes)"; Value = "1024"; VariantName = "[No Variations]"
Add component (AddParameter): Name = "I/O Pins"; Value = "35"; VariantName = "[No Variations]"
Add component (AddParameter): Name = "Internal Oscillator"; Value = "16 MHz, 31 kHz"; VariantName = "[No Variations]"
Add component (AddParameter): Name = "Manufacturer"; Value = "Microchip"; VariantName = "[No Variations]"
Add component (AddParameter): Name = "Max. CPU Speed MHz"; Value = "64"; VariantName = "[No Variations]"
Add component (AddParameter): Name = "Memory Type"; Value = "Flash"; VariantName = "[No Variations]"
Add component (AddParameter): Name = "Mounting Technology"; Value = "Through Hole"; VariantName = "[No Variations]"
Add component (AddParameter): Name = "Operation Voltage Range"; Value = "2.3V - 5.5V"; VariantName = "[No Variations]"
Add component (AddParameter): Name = "PackageDescription"; Value = "40-Lead Plastic Dual In-Line Package, Body 51.75 x 13.53 mm, Pitch 2.54 mm"; VariantName = "[No Variations]"
Add component (AddParameter): Name = "PackageReference"; Value = "PDIP-P40"; VariantName = "[No Variations]"
Add component (AddParameter): Name = "PackageVersion"; Value = "C04-016B, 04/2013"; VariantName = "[No Variations]"
Add component (AddParameter): Name = "Packing"; Value = "TUBE"; VariantName = "[No Variations]"
Add component (AddParameter): Name = "PartNumber"; Value = "PIC18F46K22-I/P"; VariantName = "[No Variations]"
Add component (AddParameter): Name = "Program Memory KBytes"; Value = "64"; VariantName = "[No Variations]"
Add component (AddParameter): Name = "Program Memory KWords"; Value = "32"; VariantName = "[No Variations]"
Add component (AddParameter): Name = "RAM"; Value = "3896"; VariantName = "[No Variations]"
Add component (AddParameter): Name = "RoHS"; Value = "TRUE"; VariantName = "[No Variations]"
Add component (AddParameter): Name = "Supplier 1"; Value = "Digi-Key"; VariantName = "[No Variations]"
Add component (AddParameter): Name = "Supplier 2"; Value = "Farnell"; VariantName = "[No Variations]"
Add component (AddParameter): Name = "Supplier 3"; Value = "Newark"; VariantName = "[No Variations]"
Add component (AddParameter): Name = "Supplier 4"; Value = "Mouser"; VariantName = "[No Variations]"
Add component (AddParameter): Name = "Supplier Part Number 1"; Value = "PIC18F46K22-I/P-ND"; VariantName = "[No Variations]"
Add component (AddParameter): Name = "Supplier Part Number 2"; Value = "1814979"; VariantName = "[No Variations]"
Add component (AddParameter): Name = "Supplier Part Number 3"; Value = "65R6012"; VariantName = "[No Variations]"
Add component (AddParameter): Name = "Supplier Part Number 4"; Value = "579-PIC18F46K22IP"; VariantName = "[No Variations]"
Add component (AddParameter): Name = "Timers"; Value = "3 - 8-bit, 4 - 16-bit"; VariantName = "[No Variations]"
Added Pin To Net: NetName=BP-A Pin=R22-2
Added Pin To Net: NetName=BP-A Pin=uC-37
Added Net: Name=BP-A
Added Pin To Net: NetName=BP-B Pin=R16-2
Added Pin To Net: NetName=BP-B Pin=uC-38
Added Net: Name=BP-B
Added Pin To Net: NetName=BP-DOWN Pin=R20-2
Added Pin To Net: NetName=BP-DOWN Pin=uC-35
Added Net: Name=BP-DOWN
Added Pin To Net: NetName=BP-LEFT Pin=R18-2
Added Pin To Net: NetName=BP-LEFT Pin=uC-36
Added Net: Name=BP-LEFT
Added Pin To Net: NetName=BP-RIGHT Pin=R14-2
Added Pin To Net: NetName=BP-RIGHT Pin=uC-34
Added Net: Name=BP-RIGHT
Added Pin To Net: NetName=BP-UP Pin=R12-2
Added Pin To Net: NetName=BP-UP Pin=uC-33
Added Net: Name=BP-UP
Added Pin To Net: NetName=BUZZER Pin=BUZZER-1
Added Net: Name=BUZZER
Added Pin To Net: NetName=GND Pin=BUZZER-2
Added Pin To Net: NetName=GND Pin=C1-2
Added Pin To Net: NetName=GND Pin=C2-2
Added Pin To Net: NetName=GND Pin=C3-2
Added Pin To Net: NetName=GND Pin=C4-2
Added Pin To Net: NetName=GND Pin=C5-2
Added Pin To Net: NetName=GND Pin=C6-2
Added Pin To Net: NetName=GND Pin=C7-2
Added Pin To Net: NetName=GND Pin=PICKIT4-3
Added Pin To Net: NetName=GND Pin=R7-1
Added Pin To Net: NetName=GND Pin=R8-1
Added Pin To Net: NetName=GND Pin=R9-1
Added Pin To Net: NetName=GND Pin=R10-1
Added Pin To Net: NetName=GND Pin=R11-1
Added Pin To Net: NetName=GND Pin=SCREEN-21
Added Pin To Net: NetName=GND Pin=SW1-3
Added Pin To Net: NetName=GND Pin=SW1-4
Added Pin To Net: NetName=GND Pin=SW2-3
Added Pin To Net: NetName=GND Pin=SW2-4
Added Pin To Net: NetName=GND Pin=SW3-3
Added Pin To Net: NetName=GND Pin=SW3-4
Added Pin To Net: NetName=GND Pin=SW4-3
Added Pin To Net: NetName=GND Pin=SW4-4
Added Pin To Net: NetName=GND Pin=SW5-3
Added Pin To Net: NetName=GND Pin=SW5-4
Added Pin To Net: NetName=GND Pin=SW6-3
Added Pin To Net: NetName=GND Pin=SW6-4
Added Pin To Net: NetName=GND Pin=uC-12
Added Pin To Net: NetName=GND Pin=uC-31
Added Net: Name=GND
Added Pin To Net: NetName=NetC1_1 Pin=C1-1
Added Pin To Net: NetName=NetC1_1 Pin=PICKIT4-1
Added Pin To Net: NetName=NetC1_1 Pin=R4-1
Added Pin To Net: NetName=NetC1_1 Pin=uC-1
Added Pin To Net: NetName=NetC1_1 Pin=uC-11
Added Pin To Net: NetName=NetC1_1 Pin=uC-32
Added Net: Name=NetC1_1
Added Pin To Net: NetName=NetC2_1 Pin=C2-1
Added Pin To Net: NetName=NetC2_1 Pin=R12-1
Added Pin To Net: NetName=NetC2_1 Pin=R13-1
Added Pin To Net: NetName=NetC2_1 Pin=SW1-1
Added Pin To Net: NetName=NetC2_1 Pin=SW1-2
Added Net: Name=NetC2_1
Added Pin To Net: NetName=NetC3_1 Pin=C3-1
Added Pin To Net: NetName=NetC3_1 Pin=R14-1
Added Pin To Net: NetName=NetC3_1 Pin=R15-1
Added Pin To Net: NetName=NetC3_1 Pin=SW2-1
Added Pin To Net: NetName=NetC3_1 Pin=SW2-2
Added Net: Name=NetC3_1
Added Pin To Net: NetName=NetC4_1 Pin=C4-1
Added Pin To Net: NetName=NetC4_1 Pin=R16-1
Added Pin To Net: NetName=NetC4_1 Pin=R17-1
Added Pin To Net: NetName=NetC4_1 Pin=SW3-1
Added Pin To Net: NetName=NetC4_1 Pin=SW3-2
Added Net: Name=NetC4_1
Added Pin To Net: NetName=NetC5_1 Pin=C5-1
Added Pin To Net: NetName=NetC5_1 Pin=R18-1
Added Pin To Net: NetName=NetC5_1 Pin=R19-1
Added Pin To Net: NetName=NetC5_1 Pin=SW4-1
Added Pin To Net: NetName=NetC5_1 Pin=SW4-2
Added Net: Name=NetC5_1
Added Pin To Net: NetName=NetC6_1 Pin=C6-1
Added Pin To Net: NetName=NetC6_1 Pin=R20-1
Added Pin To Net: NetName=NetC6_1 Pin=R21-1
Added Pin To Net: NetName=NetC6_1 Pin=SW5-1
Added Pin To Net: NetName=NetC6_1 Pin=SW5-2
Added Net: Name=NetC6_1
Added Pin To Net: NetName=NetC7_1 Pin=C7-1
Added Pin To Net: NetName=NetC7_1 Pin=R22-1
Added Pin To Net: NetName=NetC7_1 Pin=R23-1
Added Pin To Net: NetName=NetC7_1 Pin=SW6-1
Added Pin To Net: NetName=NetC7_1 Pin=SW6-2
Added Net: Name=NetC7_1
Added Pin To Net: NetName=NetR1_2 Pin=R1-2
Added Pin To Net: NetName=NetR1_2 Pin=R7-2
Added Pin To Net: NetName=NetR1_2 Pin=SCREEN-24
Added Net: Name=NetR1_2
Added Pin To Net: NetName=NetR2_2 Pin=R2-2
Added Pin To Net: NetName=NetR2_2 Pin=R8-2
Added Pin To Net: NetName=NetR2_2 Pin=SCREEN-26
Added Net: Name=NetR2_2
Added Pin To Net: NetName=NetR3_2 Pin=R3-2
Added Pin To Net: NetName=NetR3_2 Pin=R9-2
Added Pin To Net: NetName=NetR3_2 Pin=SCREEN-27
Added Net: Name=NetR3_2
Added Pin To Net: NetName=NetR5_2 Pin=R5-2
Added Pin To Net: NetName=NetR5_2 Pin=R10-2
Added Pin To Net: NetName=NetR5_2 Pin=SCREEN-28
Added Net: Name=NetR5_2
Added Pin To Net: NetName=NetR6_2 Pin=R6-2
Added Pin To Net: NetName=NetR6_2 Pin=R11-2
Added Pin To Net: NetName=NetR6_2 Pin=SCREEN-29
Added Net: Name=NetR6_2
Added Pin To Net: NetName=PGC Pin=PICKIT4-5
Added Pin To Net: NetName=PGC Pin=uC-39
Added Net: Name=PGC
Added Pin To Net: NetName=PGD Pin=PICKIT4-4
Added Pin To Net: NetName=PGD Pin=uC-40
Added Net: Name=PGD
Added Pin To Net: NetName=S-CLK Pin=R1-1
Added Net: Name=S-CLK
Added Pin To Net: NetName=S-CS Pin=R3-1
Added Pin To Net: NetName=S-CS Pin=uC-19
Added Net: Name=S-CS
Added Pin To Net: NetName=S-D/C Pin=R5-1
Added Pin To Net: NetName=S-D/C Pin=uC-21
Added Net: Name=S-D/C
Added Pin To Net: NetName=S-MOSI Pin=R2-1
Added Net: Name=S-MOSI
Added Pin To Net: NetName=S-RST Pin=R6-1
Added Pin To Net: NetName=S-RST Pin=uC-20
Added Net: Name=S-RST
Added Pin To Net: NetName=VCC5V Pin=PICKIT4-2
Added Pin To Net: NetName=VCC5V Pin=R4-2
Added Pin To Net: NetName=VCC5V Pin=R13-2
Added Pin To Net: NetName=VCC5V Pin=R15-2
Added Pin To Net: NetName=VCC5V Pin=R17-2
Added Pin To Net: NetName=VCC5V Pin=R19-2
Added Pin To Net: NetName=VCC5V Pin=R21-2
Added Pin To Net: NetName=VCC5V Pin=R23-2
Added Pin To Net: NetName=VCC5V Pin=SCREEN-22
Added Net: Name=VCC5V
Added Class: Name=game_console_schematic
